\BOOKMARK [0][-]{chapter.1}{Einleitung}{}
\BOOKMARK [1][-]{section.1.1}{Ziele und Einsatzgebiete des Programmes}{chapter.1}
\BOOKMARK [1][-]{section.1.2}{Grundlegende Bedinungskonzepte}{chapter.1}
\BOOKMARK [0][-]{chapter.2}{Studien\374bersicht}{}
\BOOKMARK [1][-]{section.2.1}{Neue Studie anlegen und konfigurieren}{chapter.2}
\BOOKMARK [1][-]{section.2.2}{Strukturierte Datenablage}{chapter.2}
\BOOKMARK [0][-]{chapter.3}{Dokumentenablage}{}
\BOOKMARK [0][-]{chapter.4}{Rechnungswesen}{}
\BOOKMARK [1][-]{section.4.1}{Gesamtabrechnung nach Abschluss der Studie}{chapter.4}
\BOOKMARK [1][-]{section.4.2}{Gesamtabrechnung pro Patient}{chapter.4}
\BOOKMARK [1][-]{section.4.3}{Abrechnung einzelner Visiten}{chapter.4}
\BOOKMARK [1][-]{section.4.4}{Fahrtkostenabwicklung}{chapter.4}
\BOOKMARK [0][-]{chapter.5}{Termine und Ereignisse}{}
\BOOKMARK [1][-]{section.5.1}{Aufgabenlisten}{chapter.5}
\BOOKMARK [1][-]{section.5.2}{Studienzustand}{chapter.5}
\BOOKMARK [1][-]{section.5.3}{Arbeitskalender}{chapter.5}
\BOOKMARK [0][-]{chapter.6}{Patienten und Visiten}{}
\BOOKMARK [1][-]{section.6.1}{Patienten}{chapter.6}
\BOOKMARK [1][-]{section.6.2}{Visiten}{chapter.6}
\BOOKMARK [0][-]{chapter.7}{Hauptmen\374}{}
\BOOKMARK [1][-]{section.7.1}{Edit}{chapter.7}
\BOOKMARK [1][-]{section.7.2}{Controlling}{chapter.7}
\BOOKMARK [1][-]{section.7.3}{Special}{chapter.7}
\BOOKMARK [0][-]{chapter.8}{Pers\366nlicher Bereich}{}
\BOOKMARK [0][-]{chapter.9}{Administrationbereich}{}
\BOOKMARK [1][-]{section.9.1}{Benutzerverwaltung}{chapter.9}
\BOOKMARK [1][-]{section.9.2}{Team Meetings}{chapter.9}
\BOOKMARK [1][-]{section.9.3}{Groupware features}{chapter.9}
\BOOKMARK [1][-]{section.9.4}{Prozedurenkatalog}{chapter.9}
\BOOKMARK [0][-]{appendix.A}{Erstellung eigener Widgets}{}
\BOOKMARK [0][-]{appendix.B}{Erstellung eigener Formulare}{}
\BOOKMARK [0][-]{appendix.C}{Installationsanleitung}{}
